<?xml version="1.0" encoding="UTF-8"?>
<testsuite xmlns:xsi="http://www.w3.org/2001/XMLSchema-instance" xsi:noNamespaceSchemaLocation="https://maven.apache.org/surefire/maven-surefire-plugin/xsd/surefire-test-report.xsd" version="3.0.1" name="com.jacksovern.jpkg.ListManagerTest" time="0.024" tests="3" errors="3" skipped="0" failures="0">
  <properties>
[...]
</properties>
  <testcase name="testGetPackageListFromServer" classname="com.jacksovern.jpkg.ListManagerTest" time="0.017">
    <error message="Unable to make private java.net.Socket(java.lang.Void,java.net.SocketImpl) accessible: module java.base does not &quot;opens java.net&quot; to unnamed module @2353b3e6" type="java.lang.reflect.InaccessibleObjectException"><![CDATA[java.lang.reflect.InaccessibleObjectException: Unable to make private java.net.Socket(java.lang.Void,java.net.SocketImpl) accessible: module java.base does not "opens java.net" to unnamed module @2353b3e6
	at java.base/java.lang.reflect.AccessibleObject.throwInaccessibleObjectException(AccessibleObject.java:388)
	at java.base/java.lang.reflect.AccessibleObject.checkCanSetAccessible(AccessibleObject.java:364)
	at java.base/java.lang.reflect.AccessibleObject.checkCanSetAccessible(AccessibleObject.java:312)
	at java.base/java.lang.reflect.Constructor.checkCanSetAccessible(Constructor.java:194)
	at java.base/java.lang.reflect.Constructor.setAccessible(Constructor.java:187)
	at org.mockito.internal.creation.jmock.ClassImposterizer.setConstructorsAccessible(ClassImposterizer.java:59)
	at org.mockito.internal.creation.jmock.ClassImposterizer.imposterise(ClassImposterizer.java:49)
	at org.mockito.internal.util.MockUtil.createMock(MockUtil.java:54)
	at org.mockito.internal.MockitoCore.mock(MockitoCore.java:44)
	at org.mockito.Mockito.mock(Mockito.java:882)
	at org.mockito.Mockito.mock(Mockito.java:777)
	at com.jacksovern.jpkg.ListManagerTest.setUp(ListManagerTest.java:25)
	at java.base/java.lang.reflect.Method.invoke(Method.java:580)
	at java.base/java.util.ArrayList.forEach(ArrayList.java:1597)
	at java.base/java.util.ArrayList.forEach(ArrayList.java:1597)
]]></error>
  </testcase>
  <testcase name="testGetPackageList_FileNotExists" classname="com.jacksovern.jpkg.ListManagerTest" time="0.002">
    <error message="Unable to make private java.net.Socket(java.lang.Void,java.net.SocketImpl) accessible: module java.base does not &quot;opens java.net&quot; to unnamed module @2353b3e6" type="java.lang.reflect.InaccessibleObjectException"><![CDATA[java.lang.reflect.InaccessibleObjectException: Unable to make private java.net.Socket(java.lang.Void,java.net.SocketImpl) accessible: module java.base does not "opens java.net" to unnamed module @2353b3e6
	at java.base/java.lang.reflect.AccessibleObject.throwInaccessibleObjectException(AccessibleObject.java:388)
	at java.base/java.lang.reflect.AccessibleObject.checkCanSetAccessible(AccessibleObject.java:364)
	at java.base/java.lang.reflect.AccessibleObject.checkCanSetAccessible(AccessibleObject.java:312)
	at java.base/java.lang.reflect.Constructor.checkCanSetAccessible(Constructor.java:194)
	at java.base/java.lang.reflect.Constructor.setAccessible(Constructor.java:187)
	at org.mockito.internal.creation.jmock.ClassImposterizer.setConstructorsAccessible(ClassImposterizer.java:59)
	at org.mockito.internal.creation.jmock.ClassImposterizer.imposterise(ClassImposterizer.java:49)
	at org.mockito.internal.util.MockUtil.createMock(MockUtil.java:54)
	at org.mockito.internal.MockitoCore.mock(MockitoCore.java:44)
	at org.mockito.Mockito.mock(Mockito.java:882)
	at org.mockito.Mockito.mock(Mockito.java:777)
	at com.jacksovern.jpkg.ListManagerTest.setUp(ListManagerTest.java:25)
	at java.base/java.lang.reflect.Method.invoke(Method.java:580)
	at java.base/java.util.ArrayList.forEach(ArrayList.java:1597)
	at java.base/java.util.ArrayList.forEach(ArrayList.java:1597)
]]></error>
  </testcase>
  <testcase name="testGetPackageList_FileExists" classname="com.jacksovern.jpkg.ListManagerTest" time="0.001">
    <error message="Unable to make private java.net.Socket(java.lang.Void,java.net.SocketImpl) accessible: module java.base does not &quot;opens java.net&quot; to unnamed module @2353b3e6" type="java.lang.reflect.InaccessibleObjectException"><![CDATA[java.lang.reflect.InaccessibleObjectException: Unable to make private java.net.Socket(java.lang.Void,java.net.SocketImpl) accessible: module java.base does not "opens java.net" to unnamed module @2353b3e6
	at java.base/java.lang.reflect.AccessibleObject.throwInaccessibleObjectException(AccessibleObject.java:388)
	at java.base/java.lang.reflect.AccessibleObject.checkCanSetAccessible(AccessibleObject.java:364)
	at java.base/java.lang.reflect.AccessibleObject.checkCanSetAccessible(AccessibleObject.java:312)
	at java.base/java.lang.reflect.Constructor.checkCanSetAccessible(Constructor.java:194)
	at java.base/java.lang.reflect.Constructor.setAccessible(Constructor.java:187)
	at org.mockito.internal.creation.jmock.ClassImposterizer.setConstructorsAccessible(ClassImposterizer.java:59)
	at org.mockito.internal.creation.jmock.ClassImposterizer.imposterise(ClassImposterizer.java:49)
	at org.mockito.internal.util.MockUtil.createMock(MockUtil.java:54)
	at org.mockito.internal.MockitoCore.mock(MockitoCore.java:44)
	at org.mockito.Mockito.mock(Mockito.java:882)
	at org.mockito.Mockito.mock(Mockito.java:777)
	at com.jacksovern.jpkg.ListManagerTest.setUp(ListManagerTest.java:25)
	at java.base/java.lang.reflect.Method.invoke(Method.java:580)
	at java.base/java.util.ArrayList.forEach(ArrayList.java:1597)
	at java.base/java.util.ArrayList.forEach(ArrayList.java:1597)
]]></error>
  </testcase>
</testsuite>